빌드 시작: 2023-02-19 오후 6:48:00
     1>2 노드의 "C:\Users\msi\Desktop\jusin\3_API\OSFE\OSFEver1\OSFEver1.vcxproj" 프로젝트(Build 대상)입니다.
     1>ClCompile:
         C:\Program Files (x86)\Microsoft Visual Studio 14.0\VC\bin\CL.exe /c /ZI /nologo /W3 /WX- /sdl /Od /Oy- /D WIN32 /D _DEBUG /D _WINDOWS /D _UNICODE /D UNICODE /Gm /EHsc /RTC1 /MDd /GS /fp:precise /Zc:wchar_t /Zc:forScope /Zc:inline /Yu"stdafx.h" /Fp"Debug\OSFEver1.pch" /Fo"Debug\\" /Fd"Debug\vc140.pdb" /Gd /TP /analyze- /errorReport:prompt GateBeamer.cpp
         GateBeamer.cpp
       Link:
         C:\Program Files (x86)\Microsoft Visual Studio 14.0\VC\bin\link.exe /ERRORREPORT:PROMPT /OUT:"C:\Users\msi\Desktop\jusin\3_API\OSFE\Debug\OSFEver1.exe" /INCREMENTAL /NOLOGO kernel32.lib user32.lib gdi32.lib winspool.lib comdlg32.lib advapi32.lib shell32.lib ole32.lib oleaut32.lib uuid.lib odbc32.lib odbccp32.lib /MANIFEST /MANIFESTUAC:"level='asInvoker' uiAccess='false'" /manifest:embed /Debug /PDB:"C:\Users\msi\Desktop\jusin\3_API\OSFE\Debug\OSFEver1.pdb" /SUBSYSTEM:WINDOWS /TLBID:1 /DYNAMICBASE /NXCOMPAT /IMPLIB:"C:\Users\msi\Desktop\jusin\3_API\OSFE\Debug\OSFEver1.lib" /MACHINE:X86 Debug\OSFEver1.res
         Debug\Aim.obj
         Debug\AreaSpell.obj
         Debug\BackGroundUI.obj
         Debug\Beam.obj
         Debug\BeamLineEffect.obj
         Debug\BitmapMgr.obj
         Debug\BombLight.obj
         Debug\Bracer.obj
         Debug\BuffSpell.obj
         Debug\Bullet.obj
         Debug\CollilsionMgr.obj
         Debug\Creature.obj
         Debug\DamageUI.obj
         Debug\DogPet.obj
         Debug\Effect.obj
         Debug\EffectMgr.obj
         Debug\Enemie.obj
         Debug\EntireSpell.obj
         Debug\ExpDropEffect.obj
         Debug\ExplodeEffect.obj
         Debug\Explosion.obj
         Debug\FateLine.obj
         Debug\FireRain.obj
         Debug\Firestorm.obj
         Debug\FoxPet.obj
         Debug\Gate.obj
         Debug\GateBeam.obj
         Debug\GateBeamer.obj
         Debug\GateBullet.obj
         Debug\GateCannon.obj
         Debug\GateMissile.obj
         Debug\GateMissiler.obj
         Debug\GateSweeper.obj
         Debug\Hailcaster.obj
         Debug\HailStorm.obj
         Debug\Deck.obj
         Debug\HealEffect.obj
         Debug\HealOrb.obj
         Debug\HitEffect.obj
         Debug\IceNeedle.obj
         Debug\InventoryUI.obj
         Debug\Liger.obj
         Debug\LightBall.obj
         Debug\LightBallRain.obj
         Debug\LightSwordEffect.obj
         Debug\LightSwordRain.obj
         Debug\LightSwordShot.obj
         Debug\MagicFire.obj
         Debug\MapUI.obj
         Debug\Mouse.obj
         Debug\MouseMgr.obj
         Debug\MusicEffect.obj
         Debug\MusicPattern.obj
         Debug\MusicShot.obj
         Debug\MyMenu.obj
         Debug\NextUI.obj
         Debug\ParticleEffect.obj
         Debug\Pet.obj
         Debug\PlayerDead.obj
         Debug\PlayerUI.obj
         Debug\PlayerWin.obj
         Debug\Ragnarok.obj
         Debug\Reaper.obj
         Debug\Reward.obj
         Debug\RewardUI.obj
         Debug\RhythmEffect.obj
         Debug\ScrollMgr.obj
         Debug\SeraDropEffect.obj
         Debug\Serif.obj
         Debug\SpawnSpell.obj
         Debug\SpawnTurretGun.obj
         Debug\SpawnTurretLaser.obj
         Debug\SpawnViolette.obj
         Debug\SpellMusicShot.obj
         Debug\Stage_Gate.obj
         Debug\Sunshine.obj
         Debug\Tile_Blast.obj
         Debug\ShieldCatch.obj
         Debug\ShieldEffect.obj
         Debug\Shop.obj
         Debug\ShopKeeper.obj
         Debug\ShopUI.obj
         Debug\ShotSpell.obj
         Debug\Slot.obj
         Debug\SoundMgr.obj
         Debug\Speaker.obj
         Debug\SpeakerSpawn.obj
         Debug\Spell.obj
         Debug\Stage2.obj
         Debug\Stage3.obj
         Debug\Stage4.obj
         Debug\Stage_Serif.obj
         Debug\SuperMiniGun.obj
         Debug\Thunder.obj
         Debug\Tile.obj
         Debug\KeyMgr.obj
         Debug\LogoScene.obj
         Debug\MainGame.obj
         Debug\MyBitmap.obj
         Debug\Obj.obj
         Debug\OSFEver1.obj
         Debug\Player.obj
         Debug\Scene.obj
         Debug\SceneMgr.obj
         Debug\Stage1.obj
         Debug\stdafx.obj
         Debug\TileMgr.obj
         Debug\TurretBullet.obj
         Debug\TurretGun.obj
         Debug\TurretLaser.obj
         Debug\UI.obj
         Debug\Violette.obj
         Debug\WingSword.obj
         Debug\Yami.obj
         Debug\YamiShot.obj
         OSFEver1.vcxproj -> C:\Users\msi\Desktop\jusin\3_API\OSFE\Debug\OSFEver1.exe
     1>"C:\Users\msi\Desktop\jusin\3_API\OSFE\OSFEver1\OSFEver1.vcxproj" 프로젝트를 빌드했습니다(Build 대상).

빌드했습니다.

경과 시간: 00:00:01.79
